/usr/local/bin/python3: can't open file '/Users/hungyuchuan/Desktop/近期代辦/資策會課程/sign/test2.py': [Errno 1] Operation not permitted
/bin/sh: /usr/local/bin/python: No such file or directory
/bin/sh: /usr/local/bin/python: No such file or directory
/usr/local/bin/python3: can't open file '/Users/hungyuchuan/Desktop/近期代辦/資策會課程/sign/test2.py': [Errno 1] Operation not permitted
/usr/local/bin/python3: can't open file '/Users/hungyuchuan/Desktop/近期代辦/資策會課程/sign/test2.py': [Errno 1] Operation not permitted
/bin/sh: /usr/local/bin/python: No such file or directory
zsh: permission denied: README.md
/bin/sh: /usr/local/bin/python: No such file or directory
/bin/sh: /usr/local/bin/python: No such file or directory
/usr/local/bin/python3: can't open file '/Users/hungyuchuan/Desktop/近期代辦/資策會課程/sign/test2.py': [Errno 1] Operation not permitted
/bin/sh: /usr/local/bin/python: No such file or directory
/usr/local/bin/python3: can't open file '/Users/hungyuchuan/Desktop/近期代辦/資策會課程/sign/test2.py': [Errno 1] Operation not permitted
/bin/sh: /usr/local/bin/python: No such file or directory
/usr/local/bin/python3: can't open file '/Users/hungyuchuan/Desktop/近期代辦/資策會課程/sign/test2.py': [Errno 1] Operation not permitted
/bin/sh: /usr/local/bin/python: No such file or directory
/usr/local/bin/python3: can't open file '/Users/hungyuchuan/Desktop/近期代辦/資策會課程/sign/test2.py': [Errno 1] Operation not permitted
/bin/sh: /usr/local/bin/python: No such file or directory
/usr/local/bin/python3: can't open file '/Users/hungyuchuan/Desktop/近期代辦/資策會課程/sign/test2.py': [Errno 1] Operation not permitted
/bin/sh: /usr/local/bin/python: No such file or directory
2021-05-25 10:10:00.619269
2021-05-25 10:11:00.788071
2021-05-25 10:11:00.791979
2021-05-25 10:12:00.977612
omg
omg
omg
打卡成功！
刷卡時間：2021-05-25 07:59:04
打卡成功！
刷卡時間：2021-05-25 07:59:04
打卡成功！
刷卡時間：2021-05-25 07:59:04
2021-05-25 10:20:01.990587
打卡成功！
刷卡時間：2021-05-25 07:59:04
